0 info it worked if it ends with ok
1 verbose cli [ '/usr/local/bin/node',
1 verbose cli   '/usr/local/bin/npm',
1 verbose cli   'install',
1 verbose cli   '-g',
1 verbose cli   'nodemon' ]
2 info using npm@2.15.9
3 info using node@v4.5.0
4 verbose install initial load of /usr/local/lib/package.json
5 verbose readDependencies loading dependencies from /usr/local/lib/package.json
6 silly cache add args [ 'nodemon', null ]
7 verbose cache add spec nodemon
8 silly cache add parsed spec Result {
8 silly cache add   raw: 'nodemon',
8 silly cache add   scope: null,
8 silly cache add   name: 'nodemon',
8 silly cache add   rawSpec: '',
8 silly cache add   spec: 'latest',
8 silly cache add   type: 'tag' }
9 silly addNamed nodemon@latest
10 verbose addNamed "latest" is being treated as a dist-tag for nodemon
11 info addNameTag [ 'nodemon', 'latest' ]
12 silly mapToRegistry name nodemon
13 silly mapToRegistry using default registry
14 silly mapToRegistry registry https://registry.npmjs.org/
15 silly mapToRegistry data Result {
15 silly mapToRegistry   raw: 'nodemon',
15 silly mapToRegistry   scope: null,
15 silly mapToRegistry   name: 'nodemon',
15 silly mapToRegistry   rawSpec: '',
15 silly mapToRegistry   spec: 'latest',
15 silly mapToRegistry   type: 'tag' }
16 silly mapToRegistry uri https://registry.npmjs.org/nodemon
17 verbose addNameTag registry:https://registry.npmjs.org/nodemon not in flight; fetching
18 verbose request uri https://registry.npmjs.org/nodemon
19 verbose request no auth needed
20 info attempt registry request try #1 at 12:51:37 PM
21 verbose request id 10432641ae9d0802
22 verbose etag "1RUBHHREPWBD9HQ1SAV0QHL0V"
23 http request GET https://registry.npmjs.org/nodemon
24 http 200 https://registry.npmjs.org/nodemon
25 verbose headers { server: 'CouchDB/1.5.0 (Erlang OTP/R16B03)',
25 verbose headers   etag: '"3CSMYP5WGJ4L5URSXA497O3FO"',
25 verbose headers   'content-type': 'application/json',
25 verbose headers   'content-encoding': 'gzip',
25 verbose headers   'cache-control': 'max-age=300',
25 verbose headers   'content-length': '24783',
25 verbose headers   'accept-ranges': 'bytes',
25 verbose headers   date: 'Fri, 28 Oct 2016 19:51:38 GMT',
25 verbose headers   via: '1.1 varnish',
25 verbose headers   age: '82',
25 verbose headers   connection: 'keep-alive',
25 verbose headers   'x-served-by': 'cache-sjc3647-SJC',
25 verbose headers   'x-cache': 'HIT',
25 verbose headers   'x-cache-hits': '1',
25 verbose headers   'x-timer': 'S1477684298.227797,VS0,VE0',
25 verbose headers   vary: 'Accept-Encoding' }
26 silly get cb [ 200,
26 silly get   { server: 'CouchDB/1.5.0 (Erlang OTP/R16B03)',
26 silly get     etag: '"3CSMYP5WGJ4L5URSXA497O3FO"',
26 silly get     'content-type': 'application/json',
26 silly get     'content-encoding': 'gzip',
26 silly get     'cache-control': 'max-age=300',
26 silly get     'content-length': '24783',
26 silly get     'accept-ranges': 'bytes',
26 silly get     date: 'Fri, 28 Oct 2016 19:51:38 GMT',
26 silly get     via: '1.1 varnish',
26 silly get     age: '82',
26 silly get     connection: 'keep-alive',
26 silly get     'x-served-by': 'cache-sjc3647-SJC',
26 silly get     'x-cache': 'HIT',
26 silly get     'x-cache-hits': '1',
26 silly get     'x-timer': 'S1477684298.227797,VS0,VE0',
26 silly get     vary: 'Accept-Encoding' } ]
27 verbose get saving nodemon to /Users/leonardoh/.npm/registry.npmjs.org/nodemon/.cache.json
28 verbose correctMkdir /Users/leonardoh/.npm correctMkdir not in flight; initializing
29 silly addNameTag next cb for nodemon with tag latest
30 silly addNamed nodemon@1.11.0
31 verbose addNamed "1.11.0" is a plain semver version for nodemon
32 silly mapToRegistry name nodemon
33 silly mapToRegistry using default registry
34 silly mapToRegistry registry https://registry.npmjs.org/
35 silly mapToRegistry data Result {
35 silly mapToRegistry   raw: 'nodemon',
35 silly mapToRegistry   scope: null,
35 silly mapToRegistry   name: 'nodemon',
35 silly mapToRegistry   rawSpec: '',
35 silly mapToRegistry   spec: 'latest',
35 silly mapToRegistry   type: 'tag' }
36 silly mapToRegistry uri https://registry.npmjs.org/nodemon
37 verbose addRemoteTarball https://registry.npmjs.org/nodemon/-/nodemon-1.11.0.tgz not in flight; adding
38 verbose addRemoteTarball [ 'https://registry.npmjs.org/nodemon/-/nodemon-1.11.0.tgz',
38 verbose addRemoteTarball   '226c562bd2a7b13d3d7518b49ad4828a3623d06c' ]
39 info retry fetch attempt 1 at 12:51:38 PM
40 info attempt registry request try #1 at 12:51:38 PM
41 http fetch GET https://registry.npmjs.org/nodemon/-/nodemon-1.11.0.tgz
42 http fetch 200 https://registry.npmjs.org/nodemon/-/nodemon-1.11.0.tgz
43 silly fetchAndShaCheck shasum 226c562bd2a7b13d3d7518b49ad4828a3623d06c
44 verbose addTmpTarball /var/folders/8h/s776zq493y50jqfhmw_hy92m0000gn/T/npm-76585-d56cec07/registry.npmjs.org/nodemon/-/nodemon-1.11.0.tgz not in flight; adding
45 verbose addTmpTarball already have metadata; skipping unpack for nodemon@1.11.0
46 verbose correctMkdir /Users/leonardoh/.npm correctMkdir not in flight; initializing
47 silly cache afterAdd nodemon@1.11.0
48 verbose afterAdd /Users/leonardoh/.npm/nodemon/1.11.0/package/package.json not in flight; writing
49 verbose correctMkdir /Users/leonardoh/.npm correctMkdir not in flight; initializing
50 verbose afterAdd /Users/leonardoh/.npm/nodemon/1.11.0/package/package.json written
51 silly install resolved [ { name: 'nodemon',
51 silly install resolved     homepage: 'http://nodemon.io',
51 silly install resolved     author: { name: 'Remy Sharp', url: 'http://github.com/remy' },
51 silly install resolved     bin: { nodemon: './bin/nodemon.js' },
51 silly install resolved     engines: { node: '>=0.8' },
51 silly install resolved     repository: { type: 'git', url: 'git+https://github.com/remy/nodemon.git' },
51 silly install resolved     description: 'Simple monitor script for use during development of a node.js app.',
51 silly install resolved     keywords:
51 silly install resolved      [ 'monitor',
51 silly install resolved        'development',
51 silly install resolved        'restart',
51 silly install resolved        'autoload',
51 silly install resolved        'reload',
51 silly install resolved        'terminal' ],
51 silly install resolved     license: 'MIT',
51 silly install resolved     main: './lib/nodemon',
51 silly install resolved     scripts:
51 silly install resolved      { coverage: 'istanbul cover _mocha -- --timeout 30000 --ui bdd --reporter list test/**/*.test.js',
51 silly install resolved        lint: 'jscs lib/**/*.js -v',
51 silly install resolved        ':spec': 'mocha --timeout 30000 --ui bdd test/**/*.test.js',
51 silly install resolved        test: 'npm run lint && npm run spec',
51 silly install resolved        spec: 'for FILE in test/**/*.test.js; do echo $FILE; ./node_modules/.bin/mocha --timeout 30000 $FILE; if [ $? -ne 0 ]; then exit 1; fi; sleep 1; done',
51 silly install resolved        web: 'node web',
51 silly install resolved        'semantic-release': 'semantic-release pre && npm publish && semantic-release post' },
51 silly install resolved     devDependencies:
51 silly install resolved      { async: '1.4.2',
51 silly install resolved        'coffee-script': '~1.7.1',
51 silly install resolved        connect: '~2.19.1',
51 silly install resolved        istanbul: '~0.2.10',
51 silly install resolved        jscs: '2.1.1',
51 silly install resolved        mocha: '2.3.3',
51 silly install resolved        should: '~4.0.0',
51 silly install resolved        'semantic-release': '4.3.5' },
51 silly install resolved     dependencies:
51 silly install resolved      { chokidar: '^1.4.3',
51 silly install resolved        debug: '^2.2.0',
51 silly install resolved        'es6-promise': '^3.0.2',
51 silly install resolved        'ignore-by-default': '^1.0.0',
51 silly install resolved        'lodash.defaults': '^3.1.2',
51 silly install resolved        minimatch: '^3.0.0',
51 silly install resolved        'ps-tree': '^1.0.1',
51 silly install resolved        touch: '1.0.0',
51 silly install resolved        undefsafe: '0.0.3',
51 silly install resolved        'update-notifier': '0.5.0' },
51 silly install resolved     version: '1.11.0',
51 silly install resolved     gitHead: '2cd85b1f609e9749d19afcdbd71368e6ab063f9d',
51 silly install resolved     bugs: { url: 'https://github.com/remy/nodemon/issues' },
51 silly install resolved     _id: 'nodemon@1.11.0',
51 silly install resolved     _shasum: '226c562bd2a7b13d3d7518b49ad4828a3623d06c',
51 silly install resolved     _from: 'nodemon@latest',
51 silly install resolved     _npmVersion: '2.15.11',
51 silly install resolved     _nodeVersion: '6.7.0',
51 silly install resolved     _npmUser: { name: 'remy', email: 'remy@leftlogic.com' },
51 silly install resolved     dist:
51 silly install resolved      { shasum: '226c562bd2a7b13d3d7518b49ad4828a3623d06c',
51 silly install resolved        tarball: 'https://registry.npmjs.org/nodemon/-/nodemon-1.11.0.tgz' },
51 silly install resolved     maintainers: [ [Object] ],
51 silly install resolved     _npmOperationalInternal:
51 silly install resolved      { host: 'packages-12-west.internal.npmjs.com',
51 silly install resolved        tmp: 'tmp/nodemon-1.11.0.tgz_1475780171533_0.901109219994396' },
51 silly install resolved     directories: {},
51 silly install resolved     _resolved: 'https://registry.npmjs.org/nodemon/-/nodemon-1.11.0.tgz' } ]
52 info install nodemon@1.11.0 into /usr/local/lib
53 info installOne nodemon@1.11.0
54 verbose installOne of nodemon to /usr/local/lib not in flight; installing
55 verbose correctMkdir /Users/leonardoh/.npm/_locks correctMkdir not in flight; initializing
56 verbose lock using /Users/leonardoh/.npm/_locks/nodemon-49f7ed19e778991e.lock for /usr/local/lib/node_modules/nodemon
57 silly install write writing nodemon 1.11.0 to /usr/local/lib/node_modules/nodemon
58 verbose unbuild lib/node_modules/nodemon
59 info preuninstall nodemon@1.10.2
60 info uninstall nodemon@1.10.2
61 verbose unbuild rmStuff nodemon@1.10.2 from /usr/local/lib/node_modules
62 silly gentlyRm /usr/local/bin/nodemon is being gently removed
63 silly gentlyRm verifying /usr/local is an npm working directory
64 silly gentlyRm containing path /usr/local is under npm's control, in /usr/local
65 silly gentlyRm deletion target /usr/local/bin/nodemon is under /usr/local
66 verbose gentlyRm vacuuming from /usr/local/bin/nodemon up to /usr/local
67 silly vacuum-fs removing /usr/local/bin/nodemon
68 silly vacuum-fs quitting because other entries in /usr/local/bin
69 info postuninstall nodemon@1.10.2
70 silly gentlyRm /usr/local/lib/node_modules/nodemon is being purged from base /usr/local
71 verbose gentlyRm don't care about contents; nuking /usr/local/lib/node_modules/nodemon
72 silly vacuum-fs purging /usr/local/lib/node_modules/nodemon
73 verbose unlock done using /Users/leonardoh/.npm/_locks/nodemon-49f7ed19e778991e.lock for /usr/local/lib/node_modules/nodemon
74 verbose stack Error: EACCES: permission denied, rmdir '/usr/local/lib/node_modules/nodemon'
74 verbose stack     at Error (native)
75 verbose cwd /Users/leonardoh/Desktop/shippingstuff
76 error Darwin 16.1.0
77 error argv "/usr/local/bin/node" "/usr/local/bin/npm" "install" "-g" "nodemon"
78 error node v4.5.0
79 error npm  v2.15.9
80 error path /usr/local/lib/node_modules/nodemon
81 error code EACCES
82 error errno -13
83 error syscall rmdir
84 error Error: EACCES: permission denied, rmdir '/usr/local/lib/node_modules/nodemon'
84 error     at Error (native)
84 error  { [Error: EACCES: permission denied, rmdir '/usr/local/lib/node_modules/nodemon']
84 error   errno: -13,
84 error   code: 'EACCES',
84 error   syscall: 'rmdir',
84 error   path: '/usr/local/lib/node_modules/nodemon' }
85 error Please try running this command again as root/Administrator.
86 verbose exit [ -13, true ]
87 verbose unbuild lib/node_modules/nodemon
88 info preuninstall nodemon@1.10.2
89 info uninstall nodemon@1.10.2
90 verbose unbuild rmStuff nodemon@1.10.2 from /usr/local/lib/node_modules
91 silly gentlyRm /usr/local/bin/nodemon is being gently removed
92 silly gentlyRm verifying /usr/local is an npm working directory
93 silly gentlyRm containing path /usr/local is under npm's control, in /usr/local
94 silly gentlyRm deletion target /usr/local/bin/nodemon is under /usr/local
95 verbose gentlyRm vacuuming from /usr/local/bin/nodemon up to /usr/local
96 info postuninstall nodemon@1.10.2
97 silly gentlyRm /usr/local/lib/node_modules/nodemon is being purged from base /usr/local
98 verbose gentlyRm don't care about contents; nuking /usr/local/lib/node_modules/nodemon
99 silly vacuum-fs purging /usr/local/lib/node_modules/nodemon
100 error error rolling back Error: EACCES: permission denied, rmdir '/usr/local/lib/node_modules/nodemon'
100 error error rolling back     at Error (native)
100 error error rolling back  { [Error: EACCES: permission denied, rmdir '/usr/local/lib/node_modules/nodemon']
100 error error rolling back   errno: -13,
100 error error rolling back   code: 'EACCES',
100 error error rolling back   syscall: 'rmdir',
100 error error rolling back   path: '/usr/local/lib/node_modules/nodemon' }
